FlyBirdDemo/proguard/seeds.txt
com.study.flybirddemo.MainActivity
com.study.flybirddemo.MainActivity: MainActivity()
com.study.flybirddemo.R$dimen: int activity_horizontal_margin
com.study.flybirddemo.R$dimen: int activity_vertical_margin
com.study.flybirddemo.R$drawable: int bg
com.study.flybirddemo.R$drawable: int bird
com.study.flybirddemo.R$drawable: int bird2
com.study.flybirddemo.R$drawable: int bird3
com.study.flybirddemo.R$drawable: int gameover
com.study.flybirddemo.R$drawable: int getready
com.study.flybirddemo.R$drawable: int ground
com.study.flybirddemo.R$drawable: int ic_launcher
com.study.flybirddemo.R$drawable: int panel
com.study.flybirddemo.R$drawable: int pipe1
com.study.flybirddemo.R$drawable: int pipe2
com.study.flybirddemo.R$drawable: int tag
com.study.flybirddemo.R$id: int action_settings
com.study.flybirddemo.R$layout: int activity_main
com.study.flybirddemo.R$menu: int main
com.study.flybirddemo.R$string: int action_settings
com.study.flybirddemo.R$string: int app_name
com.study.flybirddemo.R$string: int hello_world
com.study.flybirddemo.R$style: int AppBaseTheme
com.study.flybirddemo.R$style: int AppTheme
...
android.support.v4.app.FragmentState
android.support.v4.app.FragmentState: android.os.Parcelable$Creator CREATOR
android.support.v4.app.FragmentTabHost
android.support.v4.app.FragmentTabHost: FragmentTabHost(android.content.Context)
android.support.v4.app.FragmentTabHost: FragmentTabHost(android.content.Context,android.util.AttributeSet)
android.support.v4.app.FragmentTabHost: void setup()
android.support.v4.app.FragmentTabHost: void setup(android.content.Context,android.support.v4.app.FragmentManager)
android.support.v4.app.FragmentTabHost: void setup(android.content.Context,android.support.v4.app.FragmentManager,int)
android.support.v4.app.FragmentTabHost: void setOnTabChangedListener(android.widget.TabHost$OnTabChangeListener)
android.support.v4.app.FragmentTabHost$SavedState
android.support.v4.app.FragmentTabHost$SavedState: android.os.Parcelable$Creator CREATOR
android.support.v4.content.ModernAsyncTask$Status: android.support.v4.content.ModernAsyncTask$Status[] values()
android.support.v4.content.ModernAsyncTask$Status: android.support.v4.content.ModernAsyncTask$Status valueOf(java.lang.String)
android.support.v4.view.PagerTabStrip
android.support.v4.view.PagerTabStrip: PagerTabStrip(android.content.Context)
android.support.v4.view.PagerTabStrip: PagerTabStrip(android.content.Context,android.util.AttributeSet)
android.support.v4.view.PagerTabStrip: void setTabIndicatorColor(int)
android.support.v4.view.PagerTabStrip: void setTabIndicatorColorResource(int)
android.support.v4.view.PagerTabStrip: int getTabIndicatorColor()
android.support.v4.view.PagerTabStrip: void setPadding(int,int,int,int)
android.support.v4.view.PagerTabStrip: void setTextSpacing(int)
android.support.v4.view.PagerTabStrip: void setBackgroundDrawable(android.graphics.drawable.Drawable)
android.support.v4.view.PagerTabStrip: void setBackgroundColor(int)
android.support.v4.view.PagerTabStrip: void setBackgroundResource(int)
android.support.v4.view.PagerTabStrip: void setDrawFullUnderline(boolean)
android.support.v4.view.PagerTabStrip: boolean getDrawFullUnderline()
android.support.v4.view.PagerTabStrip: int getMinHeight()
android.support.v4.view.PagerTitleStrip
android.support.v4.view.PagerTitleStrip: void setSingleLineAllCaps(android.widget.TextView)
android.support.v4.view.PagerTitleStrip: PagerTitleStrip(android.content.Context)
android.support.v4.view.PagerTitleStrip: PagerTitleStrip(android.content.Context,android.util.AttributeSet)
android.support.v4.view.PagerTitleStrip: void setTextSpacing(int)
android.support.v4.view.PagerTitleStrip: int getTextSpacing()
android.support.v4.view.PagerTitleStrip: void setNonPrimaryAlpha(float)
android.support.v4.view.PagerTitleStrip: void setTextColor(int)
android.support.v4.view.PagerTitleStrip: void setTextSize(int,float)
android.support.v4.view.PagerTitleStrip: void setGravity(int)
android.support.v4.view.PagerTitleStrip: int getMinHeight()