FlyBirdDemo/proguard/mapping.txt
com.study.flybirddemo.MainActivity -> com.study.flybirddemo.MainActivity:
    android.view.SurfaceView surfaceView -> a
    com.study.flybirddemo.drawer.Drawer drawer -> b
    void onCreate(android.os.Bundle) -> onCreate
    com.study.flybirddemo.drawer.Drawer access$0(com.study.flybirddemo.MainActivity) -> a
    void access$1(com.study.flybirddemo.MainActivity,com.study.flybirddemo.drawer.Drawer) -> a
com.study.flybirddemo.MainActivity$1 -> dv:
    com.study.flybirddemo.MainActivity this$0 -> a
    boolean onTouch(android.view.View,android.view.MotionEvent) -> onTouch
com.study.flybirddemo.MainActivity$2 -> dw:
    com.study.flybirddemo.MainActivity this$0 -> a
    void surfaceDestroyed(android.view.SurfaceHolder) -> surfaceDestroyed
    void surfaceCreated(android.view.SurfaceHolder) -> surfaceCreated
    void surfaceChanged(android.view.SurfaceHolder,int,int,int) -> surfaceChanged
com.study.flybirddemo.drawer.Drawer -> dx:
    android.content.Context context -> a
    int width -> b
    int height -> c
    android.view.SurfaceHolder holder -> d
    android.graphics.Paint paint -> e
    boolean keep -> f
    boolean isdrop -> g
    int gameStatus -> h
    int pipeSpeed -> i
    com.study.flybirddemo.spirit.Spirit bg -> j
    com.study.flybirddemo.spirit.Spirit floor -> k
    com.study.flybirddemo.spirit.Spirit bird -> l
    com.study.flybirddemo.spirit.Spirit getready -> m
    com.study.flybirddemo.spirit.Spirit tap -> n
    com.study.flybirddemo.spirit.Spirit pipeTop1 -> o
    com.study.flybirddemo.spirit.Spirit pipeTop2 -> p
    com.study.flybirddemo.spirit.Spirit pipeBottom1 -> q
    com.study.flybirddemo.spirit.Spirit pipeBottom2 -> r
    com.study.flybirddemo.spirit.Spirit gameover -> s
    com.study.flybirddemo.spirit.Spirit panel -> t
    android.graphics.Bitmap pipeBottom_bm -> u
    android.graphics.Bitmap pipeTop_bm -> v
    int pipeSpan -> w
    int pipeTopHeight1 -> x
    int pipeTopHeight2 -> y
    int score -> z
    boolean pass1 -> A
    boolean pass2 -> B
    void setKeep(boolean) -> a
    void initAttr() -> a
    void initSpirit() -> b
    void run() -> run
    void drawGameView(android.graphics.Canvas) -> a
    void drawStopView(android.graphics.Canvas) -> b
    void drawRunningView(android.graphics.Canvas) -> c
    boolean checkIsHit(com.study.flybirddemo.spirit.Spirit[]) -> a
com.study.flybirddemo.spirit.Spirit -> dy:
    android.graphics.Bitmap bitmap -> a
    android.graphics.Bitmap[] bms -> b
    int width -> c
    int height -> d
    float x -> e
    float y -> f
    float yspeed -> g
    long curtime -> h
    long lasttime -> i
    long span -> j
    void changebmp() -> a
    void drawTheBird(android.graphics.Canvas) -> a
    android.graphics.RectF getRectF() -> b
    android.graphics.Bitmap getBitmap() -> c
    com.study.flybirddemo.spirit.Spirit getClone() -> d
    int getHeight() -> e
    int getWidth() -> f
    float getX() -> g
    float getY() -> h
    float getYspeed() -> i
    void setBitmap(android.graphics.Bitmap) -> a
    void setXY(float,float) -> a
    void setX(float) -> a
    void setY(float) -> b
    void setYspeed(float) -> c
    void drawSelf(android.graphics.Canvas) -> b
...
android.support.v4.view.accessibility.AccessibilityNodeInfoCompat -> dc:
    android.support.v4.view.accessibility.AccessibilityNodeInfoCompat$AccessibilityNodeInfoImpl IMPL -> a
    java.lang.Object mInfo -> b
    java.lang.Object getInfo() -> a
    void addAction(int) -> a
    void setScrollable(boolean) -> a
    void setClassName(java.lang.CharSequence) -> a
    int hashCode() -> hashCode
    boolean equals(java.lang.Object) -> equals
android.support.v4.view.accessibility.AccessibilityNodeInfoCompat$AccessibilityNodeInfoIcsImpl -> dd:
    void addAction(java.lang.Object,int) -> a
    void setClassName(java.lang.Object,java.lang.CharSequence) -> a
    void setScrollable(java.lang.Object,boolean) -> a
android.support.v4.view.accessibility.AccessibilityNodeInfoCompat$AccessibilityNodeInfoImpl -> de:
    void addAction(java.lang.Object,int) -> a
    void setScrollable(java.lang.Object,boolean) -> a
    void setClassName(java.lang.Object,java.lang.CharSequence) -> a
android.support.v4.view.accessibility.AccessibilityNodeInfoCompat$AccessibilityNodeInfoJellybeanImpl -> df:
android.support.v4.view.accessibility.AccessibilityNodeInfoCompat$AccessibilityNodeInfoStubImpl -> dg:
    void addAction(java.lang.Object,int) -> a
    void setClassName(java.lang.Object,java.lang.CharSequence) -> a
    void setScrollable(java.lang.Object,boolean) -> a
android.support.v4.view.accessibility.AccessibilityNodeInfoCompatIcs -> dh:
    void addAction(java.lang.Object,int) -> a
    void setClassName(java.lang.Object,java.lang.CharSequence) -> a
    void setScrollable(java.lang.Object,boolean) -> a
android.support.v4.view.accessibility.AccessibilityNodeProviderCompat -> di:
    android.support.v4.view.accessibility.AccessibilityNodeProviderCompat$AccessibilityNodeProviderImpl IMPL -> a
    java.lang.Object mProvider -> b
    java.lang.Object getProvider() -> a
    android.support.v4.view.accessibility.AccessibilityNodeInfoCompat createAccessibilityNodeInfo(int) -> a
    boolean performAction(int,int,android.os.Bundle) -> a
    java.util.List findAccessibilityNodeInfosByText(java.lang.String,int) -> a
android.support.v4.view.accessibility.AccessibilityNodeProviderCompat$AccessibilityNodeProviderImpl -> dj:
    java.lang.Object newAccessibilityNodeProviderBridge(android.support.v4.view.accessibility.AccessibilityNodeProviderCompat) -> a
android.support.v4.view.accessibility.AccessibilityNodeProviderCompat$AccessibilityNodeProviderJellyBeanImpl -> dk:
    java.lang.Object newAccessibilityNodeProviderBridge(android.support.v4.view.accessibility.AccessibilityNodeProviderCompat) -> a
android.support.v4.view.accessibility.AccessibilityNodeProviderCompat$AccessibilityNodeProviderJellyBeanImpl$1 -> dl:
    android.support.v4.view.accessibility.AccessibilityNodeProviderCompat val$compat -> a
    android.support.v4.view.accessibility.AccessibilityNodeProviderCompat$AccessibilityNodeProviderJellyBeanImpl this$0 -> b
    boolean performAction(int,int,android.os.Bundle) -> a
    java.util.List findAccessibilityNodeInfosByText(java.lang.String,int) -> a
    java.lang.Object createAccessibilityNodeInfo(int) -> a
android.support.v4.view.accessibility.AccessibilityNodeProviderCompat$AccessibilityNodeProviderStubImpl -> dm:
    java.lang.Object newAccessibilityNodeProviderBridge(android.support.v4.view.accessibility.AccessibilityNodeProviderCompat) -> a
android.support.v4.view.accessibility.AccessibilityNodeProviderCompatJellyBean -> dn:
    java.lang.Object newAccessibilityNodeProviderBridge(android.support.v4.view.accessibility.AccessibilityNodeProviderCompatJellyBean$AccessibilityNodeInfoBridge) -> a